<?xml version="1.0" encoding="UTF-8"?>
<coverage generated="1614964936161" clover="3.2.0">
  <project timestamp="1614964936162" name="All files">
    <metrics statements="67" coveredstatements="63" conditionals="12" coveredconditionals="10" methods="38" coveredmethods="32" elements="117" coveredelements="105" complexity="0" loc="67" ncloc="67" packages="3" files="11" classes="11"/>
    <package name="src">
      <metrics statements="1" coveredstatements="1" conditionals="0" coveredconditionals="0" methods="1" coveredmethods="1"/>
      <file name="math.js" path="C:\Projects\Redux\redux-starter\src\math.js">
        <metrics statements="1" coveredstatements="1" conditionals="0" coveredconditionals="0" methods="1" coveredmethods="1"/>
        <line num="1" count="2" type="stmt"/>
      </file>
    </package>
    <package name="src.store">
      <metrics statements="49" coveredstatements="47" conditionals="2" coveredconditionals="2" methods="27" coveredmethods="25"/>
      <file name="api.js" path="C:\Projects\Redux\redux-starter\src\store\api.js">
        <metrics statements="3" coveredstatements="3" conditionals="0" coveredconditionals="0" methods="0" coveredmethods="0"/>
        <line num="3" count="1" type="stmt"/>
        <line num="4" count="1" type="stmt"/>
        <line num="5" count="1" type="stmt"/>
      </file>
      <file name="bugs.js" path="C:\Projects\Redux\redux-starter\src\store\bugs.js">
        <metrics statements="37" coveredstatements="37" conditionals="2" coveredconditionals="2" methods="24" coveredmethods="24"/>
        <line num="8" count="1" type="stmt"/>
        <line num="17" count="1" type="stmt"/>
        <line num="18" count="1" type="stmt"/>
        <line num="19" count="1" type="stmt"/>
        <line num="23" count="7" type="stmt"/>
        <line num="26" count="4" type="stmt"/>
        <line num="27" count="4" type="stmt"/>
        <line num="28" count="4" type="stmt"/>
        <line num="31" count="5" type="stmt"/>
        <line num="34" count="1" type="stmt"/>
        <line num="37" count="1" type="stmt"/>
        <line num="40" count="1" type="stmt"/>
        <line num="41" count="1" type="stmt"/>
        <line num="53" count="1" type="stmt"/>
        <line num="57" count="1" type="stmt"/>
        <line num="58" count="6" type="stmt"/>
        <line num="59" count="6" type="stmt"/>
        <line num="60" count="6" type="stmt"/>
        <line num="62" count="6" type="stmt"/>
        <line num="63" count="6" type="cond" truecount="2" falsecount="0"/>
        <line num="65" count="5" type="stmt"/>
        <line num="75" count="1" type="stmt"/>
        <line num="76" count="8" type="stmt"/>
        <line num="83" count="1" type="stmt"/>
        <line num="84" count="2" type="stmt"/>
        <line num="91" count="1" type="stmt"/>
        <line num="92" count="2" type="stmt"/>
        <line num="98" count="1" type="stmt"/>
        <line num="99" count="2" type="stmt"/>
        <line num="107" count="1" type="stmt"/>
        <line num="108" count="1" type="stmt"/>
        <line num="109" count="1" type="stmt"/>
        <line num="110" count="3" type="stmt"/>
        <line num="113" count="1" type="stmt"/>
        <line num="114" count="1" type="stmt"/>
        <line num="115" count="1" type="stmt"/>
        <line num="116" count="3" type="stmt"/>
      </file>
      <file name="configStore.js" path="C:\Projects\Redux\redux-starter\src\store\configStore.js">
        <metrics statements="1" coveredstatements="1" conditionals="0" coveredconditionals="0" methods="1" coveredmethods="1"/>
        <line num="9" count="15" type="stmt"/>
      </file>
      <file name="entities.js" path="C:\Projects\Redux\redux-starter\src\store\entities.js">
        <metrics statements="0" coveredstatements="0" conditionals="0" coveredconditionals="0" methods="0" coveredmethods="0"/>
      </file>
      <file name="projects.js" path="C:\Projects\Redux\redux-starter\src\store\projects.js">
        <metrics statements="4" coveredstatements="3" conditionals="0" coveredconditionals="0" methods="1" coveredmethods="0"/>
        <line num="3" count="1" type="stmt"/>
        <line num="5" count="1" type="stmt"/>
        <line num="10" count="0" type="stmt"/>
        <line num="18" count="1" type="stmt"/>
      </file>
      <file name="reducer.js" path="C:\Projects\Redux\redux-starter\src\store\reducer.js">
        <metrics statements="0" coveredstatements="0" conditionals="0" coveredconditionals="0" methods="0" coveredmethods="0"/>
      </file>
      <file name="users.js" path="C:\Projects\Redux\redux-starter\src\store\users.js">
        <metrics statements="4" coveredstatements="3" conditionals="0" coveredconditionals="0" methods="1" coveredmethods="0"/>
        <line num="3" count="1" type="stmt"/>
        <line num="5" count="1" type="stmt"/>
        <line num="10" count="0" type="stmt"/>
        <line num="18" count="1" type="stmt"/>
      </file>
    </package>
    <package name="src.store.middleware">
      <metrics statements="17" coveredstatements="15" conditionals="10" coveredconditionals="8" methods="10" coveredmethods="6"/>
      <file name="api.js" path="C:\Projects\Redux\redux-starter\src\store\middleware\api.js">
        <metrics statements="11" coveredstatements="11" conditionals="8" coveredconditionals="7" methods="3" coveredmethods="3"/>
        <line num="4" count="15" type="stmt"/>
        <line num="5" count="58" type="cond" truecount="2" falsecount="0"/>
        <line num="7" count="19" type="stmt"/>
        <line num="9" count="19" type="cond" truecount="2" falsecount="0"/>
        <line num="11" count="19" type="stmt"/>
        <line num="13" count="19" type="stmt"/>
        <line num="14" count="19" type="stmt"/>
        <line num="21" count="14" type="stmt"/>
        <line num="23" count="14" type="cond" truecount="1" falsecount="1"/>
        <line num="26" count="5" type="stmt"/>
        <line num="28" count="5" type="cond" truecount="2" falsecount="0"/>
      </file>
      <file name="logger.js" path="C:\Projects\Redux\redux-starter\src\store\middleware\logger.js">
        <metrics statements="3" coveredstatements="1" conditionals="0" coveredconditionals="0" methods="4" coveredmethods="0"/>
        <line num="1" count="1" type="stmt"/>
        <line num="2" count="0" type="stmt"/>
        <line num="3" count="0" type="stmt"/>
      </file>
      <file name="toast.js" path="C:\Projects\Redux\redux-starter\src\store\middleware\toast.js">
        <metrics statements="3" coveredstatements="3" conditionals="2" coveredconditionals="1" methods="3" coveredmethods="3"/>
        <line num="1" count="15" type="stmt"/>
        <line num="2" count="58" type="cond" truecount="1" falsecount="1"/>
        <line num="3" count="58" type="stmt"/>
      </file>
    </package>
  </project>
</coverage>
