{"C:\\Projects\\Redux\\redux-starter\\src\\math.js": {"path":"C:\\Projects\\Redux\\redux-starter\\src\\math.js","statementMap":{"0":{"start":{"line":1,"column":22},"end":{"line":1,"column":50}},"1":{"start":{"line":1,"column":34},"end":{"line":1,"column":50}}},"fnMap":{"0":{"name":"(anonymous_0)","decl":{"start":{"line":1,"column":22},"end":{"line":1,"column":23}},"loc":{"start":{"line":1,"column":34},"end":{"line":1,"column":50}},"line":1}},"branchMap":{},"s":{"0":1,"1":2},"f":{"0":2},"b":{},"_coverageSchema":"1a1c01bbd47fc00a2c39e90264f33305004495a9","hash":"0a42cd0d05caacd77a1ec57a4f3bf629cfc9a273"}
,"C:\\Projects\\Redux\\redux-starter\\src\\store\\api.js": {"path":"C:\\Projects\\Redux\\redux-starter\\src\\store\\api.js","statementMap":{"0":{"start":{"line":3,"column":28},"end":{"line":3,"column":57}},"1":{"start":{"line":4,"column":30},"end":{"line":4,"column":61}},"2":{"start":{"line":5,"column":29},"end":{"line":5,"column":59}}},"fnMap":{},"branchMap":{},"s":{"0":1,"1":1,"2":1},"f":{},"b":{},"_coverageSchema":"1a1c01bbd47fc00a2c39e90264f33305004495a9","hash":"9b176fa43393c20366495b1ec038d8712c4e7a3a"}
,"C:\\Projects\\Redux\\redux-starter\\src\\store\\bugs.js": {"path":"C:\\Projects\\Redux\\redux-starter\\src\\store\\bugs.js","statementMap":{"0":{"start":{"line":8,"column":14},"end":{"line":44,"column":2}},"1":{"start":{"line":17,"column":36},"end":{"line":17,"column":50}},"2":{"start":{"line":18,"column":20},"end":{"line":18,"column":66}},"3":{"start":{"line":18,"column":49},"end":{"line":18,"column":65}},"4":{"start":{"line":19,"column":6},"end":{"line":19,"column":39}},"5":{"start":{"line":23,"column":6},"end":{"line":23,"column":37}},"6":{"start":{"line":26,"column":6},"end":{"line":26,"column":33}},"7":{"start":{"line":27,"column":6},"end":{"line":27,"column":27}},"8":{"start":{"line":28,"column":6},"end":{"line":28,"column":34}},"9":{"start":{"line":31,"column":6},"end":{"line":31,"column":26}},"10":{"start":{"line":34,"column":6},"end":{"line":34,"column":27}},"11":{"start":{"line":37,"column":6},"end":{"line":37,"column":68}},"12":{"start":{"line":37,"column":39},"end":{"line":37,"column":66}},"13":{"start":{"line":40,"column":20},"end":{"line":40,"column":78}},"14":{"start":{"line":40,"column":49},"end":{"line":40,"column":77}},"15":{"start":{"line":41,"column":6},"end":{"line":41,"column":39}},"16":{"start":{"line":53,"column":4},"end":{"line":53,"column":17}},"17":{"start":{"line":57,"column":12},"end":{"line":57,"column":19}},"18":{"start":{"line":58,"column":24},"end":{"line":73,"column":1}},"19":{"start":{"line":58,"column":30},"end":{"line":73,"column":1}},"20":{"start":{"line":59,"column":24},"end":{"line":59,"column":48}},"21":{"start":{"line":60,"column":2},"end":{"line":60,"column":25}},"22":{"start":{"line":62,"column":24},"end":{"line":62,"column":67}},"23":{"start":{"line":63,"column":2},"end":{"line":63,"column":33}},"24":{"start":{"line":63,"column":26},"end":{"line":63,"column":33}},"25":{"start":{"line":65,"column":2},"end":{"line":72,"column":4}},"26":{"start":{"line":75,"column":22},"end":{"line":81,"column":4}},"27":{"start":{"line":76,"column":2},"end":{"line":81,"column":4}},"28":{"start":{"line":83,"column":26},"end":{"line":89,"column":4}},"29":{"start":{"line":84,"column":2},"end":{"line":89,"column":4}},"30":{"start":{"line":91,"column":25},"end":{"line":96,"column":4}},"31":{"start":{"line":92,"column":2},"end":{"line":96,"column":4}},"32":{"start":{"line":98,"column":31},"end":{"line":104,"column":4}},"33":{"start":{"line":99,"column":2},"end":{"line":104,"column":4}},"34":{"start":{"line":107,"column":33},"end":{"line":111,"column":1}},"35":{"start":{"line":108,"column":13},"end":{"line":108,"column":32}},"36":{"start":{"line":109,"column":13},"end":{"line":109,"column":36}},"37":{"start":{"line":110,"column":22},"end":{"line":110,"column":62}},"38":{"start":{"line":110,"column":48},"end":{"line":110,"column":61}},"39":{"start":{"line":113,"column":29},"end":{"line":117,"column":3}},"40":{"start":{"line":114,"column":2},"end":{"line":117,"column":3}},"41":{"start":{"line":115,"column":15},"end":{"line":115,"column":34}},"42":{"start":{"line":116,"column":14},"end":{"line":116,"column":62}},"43":{"start":{"line":116,"column":40},"end":{"line":116,"column":61}}},"fnMap":{"0":{"name":"(anonymous_0)","decl":{"start":{"line":16,"column":23},"end":{"line":16,"column":24}},"loc":{"start":{"line":16,"column":41},"end":{"line":20,"column":5}},"line":16},"1":{"name":"(anonymous_1)","decl":{"start":{"line":18,"column":40},"end":{"line":18,"column":41}},"loc":{"start":{"line":18,"column":49},"end":{"line":18,"column":65}},"line":18},"2":{"name":"(anonymous_2)","decl":{"start":{"line":22,"column":14},"end":{"line":22,"column":15}},"loc":{"start":{"line":22,"column":32},"end":{"line":24,"column":5}},"line":22},"3":{"name":"(anonymous_3)","decl":{"start":{"line":25,"column":18},"end":{"line":25,"column":19}},"loc":{"start":{"line":25,"column":36},"end":{"line":29,"column":5}},"line":25},"4":{"name":"(anonymous_4)","decl":{"start":{"line":30,"column":19},"end":{"line":30,"column":20}},"loc":{"start":{"line":30,"column":37},"end":{"line":32,"column":5}},"line":30},"5":{"name":"(anonymous_5)","decl":{"start":{"line":33,"column":23},"end":{"line":33,"column":24}},"loc":{"start":{"line":33,"column":41},"end":{"line":35,"column":5}},"line":33},"6":{"name":"(anonymous_6)","decl":{"start":{"line":36,"column":16},"end":{"line":36,"column":17}},"loc":{"start":{"line":36,"column":34},"end":{"line":38,"column":5}},"line":36},"7":{"name":"(anonymous_7)","decl":{"start":{"line":37,"column":30},"end":{"line":37,"column":31}},"loc":{"start":{"line":37,"column":39},"end":{"line":37,"column":66}},"line":37},"8":{"name":"(anonymous_8)","decl":{"start":{"line":39,"column":17},"end":{"line":39,"column":18}},"loc":{"start":{"line":39,"column":35},"end":{"line":42,"column":5}},"line":39},"9":{"name":"(anonymous_9)","decl":{"start":{"line":40,"column":40},"end":{"line":40,"column":41}},"loc":{"start":{"line":40,"column":49},"end":{"line":40,"column":77}},"line":40},"10":{"name":"(anonymous_10)","decl":{"start":{"line":58,"column":24},"end":{"line":58,"column":25}},"loc":{"start":{"line":58,"column":30},"end":{"line":73,"column":1}},"line":58},"11":{"name":"(anonymous_11)","decl":{"start":{"line":58,"column":30},"end":{"line":58,"column":31}},"loc":{"start":{"line":58,"column":54},"end":{"line":73,"column":1}},"line":58},"12":{"name":"(anonymous_12)","decl":{"start":{"line":75,"column":22},"end":{"line":75,"column":23}},"loc":{"start":{"line":76,"column":2},"end":{"line":81,"column":4}},"line":76},"13":{"name":"(anonymous_13)","decl":{"start":{"line":83,"column":26},"end":{"line":83,"column":27}},"loc":{"start":{"line":84,"column":2},"end":{"line":89,"column":4}},"line":84},"14":{"name":"(anonymous_14)","decl":{"start":{"line":91,"column":25},"end":{"line":91,"column":26}},"loc":{"start":{"line":92,"column":2},"end":{"line":96,"column":4}},"line":92},"15":{"name":"(anonymous_15)","decl":{"start":{"line":98,"column":31},"end":{"line":98,"column":32}},"loc":{"start":{"line":99,"column":2},"end":{"line":104,"column":4}},"line":99},"16":{"name":"(anonymous_16)","decl":{"start":{"line":108,"column":2},"end":{"line":108,"column":3}},"loc":{"start":{"line":108,"column":13},"end":{"line":108,"column":32}},"line":108},"17":{"name":"(anonymous_17)","decl":{"start":{"line":109,"column":2},"end":{"line":109,"column":3}},"loc":{"start":{"line":109,"column":13},"end":{"line":109,"column":36}},"line":109},"18":{"name":"(anonymous_18)","decl":{"start":{"line":110,"column":2},"end":{"line":110,"column":3}},"loc":{"start":{"line":110,"column":22},"end":{"line":110,"column":62}},"line":110},"19":{"name":"(anonymous_19)","decl":{"start":{"line":110,"column":39},"end":{"line":110,"column":40}},"loc":{"start":{"line":110,"column":48},"end":{"line":110,"column":61}},"line":110},"20":{"name":"(anonymous_20)","decl":{"start":{"line":113,"column":29},"end":{"line":113,"column":30}},"loc":{"start":{"line":114,"column":2},"end":{"line":117,"column":3}},"line":114},"21":{"name":"(anonymous_21)","decl":{"start":{"line":115,"column":4},"end":{"line":115,"column":5}},"loc":{"start":{"line":115,"column":15},"end":{"line":115,"column":34}},"line":115},"22":{"name":"(anonymous_22)","decl":{"start":{"line":116,"column":4},"end":{"line":116,"column":5}},"loc":{"start":{"line":116,"column":14},"end":{"line":116,"column":62}},"line":116},"23":{"name":"(anonymous_23)","decl":{"start":{"line":116,"column":31},"end":{"line":116,"column":32}},"loc":{"start":{"line":116,"column":40},"end":{"line":116,"column":61}},"line":116}},"branchMap":{"0":{"loc":{"start":{"line":63,"column":2},"end":{"line":63,"column":33}},"type":"if","locations":[{"start":{"line":63,"column":2},"end":{"line":63,"column":33}},{"start":{"line":63,"column":2},"end":{"line":63,"column":33}}],"line":63}},"s":{"0":1,"1":1,"2":1,"3":1,"4":1,"5":7,"6":4,"7":4,"8":4,"9":5,"10":1,"11":1,"12":1,"13":1,"14":1,"15":1,"16":1,"17":1,"18":1,"19":6,"20":6,"21":6,"22":6,"23":6,"24":1,"25":5,"26":1,"27":8,"28":1,"29":2,"30":1,"31":2,"32":1,"33":2,"34":1,"35":1,"36":1,"37":1,"38":3,"39":1,"40":1,"41":1,"42":1,"43":3},"f":{"0":1,"1":1,"2":7,"3":4,"4":5,"5":1,"6":1,"7":1,"8":1,"9":1,"10":6,"11":6,"12":8,"13":2,"14":2,"15":2,"16":1,"17":1,"18":1,"19":3,"20":1,"21":1,"22":1,"23":3},"b":{"0":[1,5]},"_coverageSchema":"1a1c01bbd47fc00a2c39e90264f33305004495a9","hash":"f86b40a61861348d4d169d20c24206d067887668"}
,"C:\\Projects\\Redux\\redux-starter\\src\\store\\configStore.js": {"path":"C:\\Projects\\Redux\\redux-starter\\src\\store\\configStore.js","statementMap":{"0":{"start":{"line":9,"column":2},"end":{"line":17,"column":5}}},"fnMap":{"0":{"name":"(anonymous_0)","decl":{"start":{"line":8,"column":15},"end":{"line":8,"column":16}},"loc":{"start":{"line":8,"column":21},"end":{"line":18,"column":1}},"line":8}},"branchMap":{},"s":{"0":15},"f":{"0":15},"b":{},"_coverageSchema":"1a1c01bbd47fc00a2c39e90264f33305004495a9","hash":"3f9254a9dc5a8598d39db63dffb3accfe80ce31a"}
,"C:\\Projects\\Redux\\redux-starter\\src\\store\\entities.js": {"path":"C:\\Projects\\Redux\\redux-starter\\src\\store\\entities.js","statementMap":{},"fnMap":{},"branchMap":{},"s":{},"f":{},"b":{},"_coverageSchema":"1a1c01bbd47fc00a2c39e90264f33305004495a9","hash":"840f130090d3fd814c8468d0d45f48bb2e1ec665"}
,"C:\\Projects\\Redux\\redux-starter\\src\\store\\projects.js": {"path":"C:\\Projects\\Redux\\redux-starter\\src\\store\\projects.js","statementMap":{"0":{"start":{"line":3,"column":13},"end":{"line":3,"column":14}},"1":{"start":{"line":5,"column":14},"end":{"line":16,"column":2}},"2":{"start":{"line":10,"column":6},"end":{"line":13,"column":9}},"3":{"start":{"line":18,"column":32},"end":{"line":18,"column":45}}},"fnMap":{"0":{"name":"(anonymous_0)","decl":{"start":{"line":9,"column":18},"end":{"line":9,"column":19}},"loc":{"start":{"line":9,"column":40},"end":{"line":14,"column":5}},"line":9}},"branchMap":{},"s":{"0":1,"1":1,"2":0,"3":1},"f":{"0":0},"b":{},"_coverageSchema":"1a1c01bbd47fc00a2c39e90264f33305004495a9","hash":"f19c340fa6c284b79684c0acd5be947f5aa6a473"}
,"C:\\Projects\\Redux\\redux-starter\\src\\store\\reducer.js": {"path":"C:\\Projects\\Redux\\redux-starter\\src\\store\\reducer.js","statementMap":{},"fnMap":{},"branchMap":{},"s":{},"f":{},"b":{},"_coverageSchema":"1a1c01bbd47fc00a2c39e90264f33305004495a9","hash":"95faa20fb83de3086e6f142d10ee0ede7fc2001e"}
,"C:\\Projects\\Redux\\redux-starter\\src\\store\\users.js": {"path":"C:\\Projects\\Redux\\redux-starter\\src\\store\\users.js","statementMap":{"0":{"start":{"line":3,"column":13},"end":{"line":3,"column":14}},"1":{"start":{"line":5,"column":14},"end":{"line":16,"column":2}},"2":{"start":{"line":10,"column":6},"end":{"line":13,"column":9}},"3":{"start":{"line":18,"column":29},"end":{"line":18,"column":42}}},"fnMap":{"0":{"name":"(anonymous_0)","decl":{"start":{"line":9,"column":15},"end":{"line":9,"column":16}},"loc":{"start":{"line":9,"column":34},"end":{"line":14,"column":5}},"line":9}},"branchMap":{},"s":{"0":1,"1":1,"2":0,"3":1},"f":{"0":0},"b":{},"_coverageSchema":"1a1c01bbd47fc00a2c39e90264f33305004495a9","hash":"0c0a86024b4a00fc34a2392817fd2b01b37a0e33"}
,"C:\\Projects\\Redux\\redux-starter\\src\\store\\middleware\\api.js": {"path":"C:\\Projects\\Redux\\redux-starter\\src\\store\\middleware\\api.js","statementMap":{"0":{"start":{"line":4,"column":12},"end":{"line":30,"column":1}},"1":{"start":{"line":4,"column":30},"end":{"line":30,"column":1}},"2":{"start":{"line":4,"column":40},"end":{"line":30,"column":1}},"3":{"start":{"line":5,"column":2},"end":{"line":5,"column":69}},"4":{"start":{"line":5,"column":49},"end":{"line":5,"column":69}},"5":{"start":{"line":7,"column":61},"end":{"line":7,"column":75}},"6":{"start":{"line":9,"column":2},"end":{"line":9,"column":43}},"7":{"start":{"line":9,"column":15},"end":{"line":9,"column":43}},"8":{"start":{"line":11,"column":2},"end":{"line":11,"column":15}},"9":{"start":{"line":13,"column":2},"end":{"line":29,"column":3}},"10":{"start":{"line":14,"column":21},"end":{"line":19,"column":6}},"11":{"start":{"line":21,"column":4},"end":{"line":21,"column":52}},"12":{"start":{"line":23,"column":4},"end":{"line":23,"column":73}},"13":{"start":{"line":23,"column":19},"end":{"line":23,"column":73}},"14":{"start":{"line":26,"column":4},"end":{"line":26,"column":51}},"15":{"start":{"line":28,"column":4},"end":{"line":28,"column":69}},"16":{"start":{"line":28,"column":17},"end":{"line":28,"column":69}}},"fnMap":{"0":{"name":"(anonymous_0)","decl":{"start":{"line":4,"column":12},"end":{"line":4,"column":13}},"loc":{"start":{"line":4,"column":30},"end":{"line":30,"column":1}},"line":4},"1":{"name":"(anonymous_1)","decl":{"start":{"line":4,"column":30},"end":{"line":4,"column":31}},"loc":{"start":{"line":4,"column":40},"end":{"line":30,"column":1}},"line":4},"2":{"name":"(anonymous_2)","decl":{"start":{"line":4,"column":40},"end":{"line":4,"column":41}},"loc":{"start":{"line":4,"column":58},"end":{"line":30,"column":1}},"line":4}},"branchMap":{"0":{"loc":{"start":{"line":5,"column":2},"end":{"line":5,"column":69}},"type":"if","locations":[{"start":{"line":5,"column":2},"end":{"line":5,"column":69}},{"start":{"line":5,"column":2},"end":{"line":5,"column":69}}],"line":5},"1":{"loc":{"start":{"line":9,"column":2},"end":{"line":9,"column":43}},"type":"if","locations":[{"start":{"line":9,"column":2},"end":{"line":9,"column":43}},{"start":{"line":9,"column":2},"end":{"line":9,"column":43}}],"line":9},"2":{"loc":{"start":{"line":23,"column":4},"end":{"line":23,"column":73}},"type":"if","locations":[{"start":{"line":23,"column":4},"end":{"line":23,"column":73}},{"start":{"line":23,"column":4},"end":{"line":23,"column":73}}],"line":23},"3":{"loc":{"start":{"line":28,"column":4},"end":{"line":28,"column":69}},"type":"if","locations":[{"start":{"line":28,"column":4},"end":{"line":28,"column":69}},{"start":{"line":28,"column":4},"end":{"line":28,"column":69}}],"line":28}},"s":{"0":1,"1":15,"2":15,"3":58,"4":39,"5":19,"6":19,"7":5,"8":19,"9":19,"10":19,"11":14,"12":14,"13":14,"14":5,"15":5,"16":1},"f":{"0":15,"1":15,"2":58},"b":{"0":[39,19],"1":[5,14],"2":[14,0],"3":[1,4]},"_coverageSchema":"1a1c01bbd47fc00a2c39e90264f33305004495a9","hash":"9806eec2a984f13119f27ecbf0d8473407258705"}
,"C:\\Projects\\Redux\\redux-starter\\src\\store\\middleware\\logger.js": {"path":"C:\\Projects\\Redux\\redux-starter\\src\\store\\middleware\\logger.js","statementMap":{"0":{"start":{"line":1,"column":15},"end":{"line":4,"column":1}},"1":{"start":{"line":1,"column":26},"end":{"line":4,"column":1}},"2":{"start":{"line":1,"column":37},"end":{"line":4,"column":1}},"3":{"start":{"line":1,"column":47},"end":{"line":4,"column":1}},"4":{"start":{"line":2,"column":2},"end":{"line":2,"column":32}},"5":{"start":{"line":3,"column":2},"end":{"line":3,"column":22}}},"fnMap":{"0":{"name":"(anonymous_0)","decl":{"start":{"line":1,"column":15},"end":{"line":1,"column":16}},"loc":{"start":{"line":1,"column":26},"end":{"line":4,"column":1}},"line":1},"1":{"name":"(anonymous_1)","decl":{"start":{"line":1,"column":26},"end":{"line":1,"column":27}},"loc":{"start":{"line":1,"column":37},"end":{"line":4,"column":1}},"line":1},"2":{"name":"(anonymous_2)","decl":{"start":{"line":1,"column":37},"end":{"line":1,"column":38}},"loc":{"start":{"line":1,"column":47},"end":{"line":4,"column":1}},"line":1},"3":{"name":"(anonymous_3)","decl":{"start":{"line":1,"column":47},"end":{"line":1,"column":48}},"loc":{"start":{"line":1,"column":59},"end":{"line":4,"column":1}},"line":1}},"branchMap":{},"s":{"0":1,"1":0,"2":0,"3":0,"4":0,"5":0},"f":{"0":0,"1":0,"2":0,"3":0},"b":{},"_coverageSchema":"1a1c01bbd47fc00a2c39e90264f33305004495a9","hash":"15f6b5623038266c63f22cd32148cd0af2ca44ff"}
,"C:\\Projects\\Redux\\redux-starter\\src\\store\\middleware\\toast.js": {"path":"C:\\Projects\\Redux\\redux-starter\\src\\store\\middleware\\toast.js","statementMap":{"0":{"start":{"line":1,"column":14},"end":{"line":4,"column":1}},"1":{"start":{"line":1,"column":25},"end":{"line":4,"column":1}},"2":{"start":{"line":1,"column":35},"end":{"line":4,"column":1}},"3":{"start":{"line":2,"column":2},"end":{"line":3,"column":27}},"4":{"start":{"line":2,"column":31},"end":{"line":2,"column":80}},"5":{"start":{"line":3,"column":7},"end":{"line":3,"column":27}}},"fnMap":{"0":{"name":"(anonymous_0)","decl":{"start":{"line":1,"column":14},"end":{"line":1,"column":15}},"loc":{"start":{"line":1,"column":25},"end":{"line":4,"column":1}},"line":1},"1":{"name":"(anonymous_1)","decl":{"start":{"line":1,"column":25},"end":{"line":1,"column":26}},"loc":{"start":{"line":1,"column":35},"end":{"line":4,"column":1}},"line":1},"2":{"name":"(anonymous_2)","decl":{"start":{"line":1,"column":35},"end":{"line":1,"column":36}},"loc":{"start":{"line":1,"column":47},"end":{"line":4,"column":1}},"line":1}},"branchMap":{"0":{"loc":{"start":{"line":2,"column":2},"end":{"line":3,"column":27}},"type":"if","locations":[{"start":{"line":2,"column":2},"end":{"line":3,"column":27}},{"start":{"line":2,"column":2},"end":{"line":3,"column":27}}],"line":2}},"s":{"0":1,"1":15,"2":15,"3":58,"4":0,"5":58},"f":{"0":15,"1":15,"2":58},"b":{"0":[0,58]},"_coverageSchema":"1a1c01bbd47fc00a2c39e90264f33305004495a9","hash":"4cffbb1c5bd0df4f7b002cc74e085ae99644a770"}
}
