TN:
SF:src\math.js
FN:1,(anonymous_0)
FNF:1
FNH:1
FNDA:2,(anonymous_0)
DA:1,2
LF:1
LH:1
BRF:0
BRH:0
end_of_record
TN:
SF:src\store\api.js
FNF:0
FNH:0
DA:3,1
DA:4,1
DA:5,1
LF:3
LH:3
BRF:0
BRH:0
end_of_record
TN:
SF:src\store\bugs.js
FN:16,(anonymous_0)
FN:18,(anonymous_1)
FN:22,(anonymous_2)
FN:25,(anonymous_3)
FN:30,(anonymous_4)
FN:33,(anonymous_5)
FN:36,(anonymous_6)
FN:37,(anonymous_7)
FN:39,(anonymous_8)
FN:40,(anonymous_9)
FN:58,(anonymous_10)
FN:58,(anonymous_11)
FN:75,(anonymous_12)
FN:83,(anonymous_13)
FN:91,(anonymous_14)
FN:98,(anonymous_15)
FN:108,(anonymous_16)
FN:109,(anonymous_17)
FN:110,(anonymous_18)
FN:110,(anonymous_19)
FN:113,(anonymous_20)
FN:115,(anonymous_21)
FN:116,(anonymous_22)
FN:116,(anonymous_23)
FNF:24
FNH:24
FNDA:1,(anonymous_0)
FNDA:1,(anonymous_1)
FNDA:7,(anonymous_2)
FNDA:4,(anonymous_3)
FNDA:5,(anonymous_4)
FNDA:1,(anonymous_5)
FNDA:1,(anonymous_6)
FNDA:1,(anonymous_7)
FNDA:1,(anonymous_8)
FNDA:1,(anonymous_9)
FNDA:6,(anonymous_10)
FNDA:6,(anonymous_11)
FNDA:8,(anonymous_12)
FNDA:2,(anonymous_13)
FNDA:2,(anonymous_14)
FNDA:2,(anonymous_15)
FNDA:1,(anonymous_16)
FNDA:1,(anonymous_17)
FNDA:1,(anonymous_18)
FNDA:3,(anonymous_19)
FNDA:1,(anonymous_20)
FNDA:1,(anonymous_21)
FNDA:1,(anonymous_22)
FNDA:3,(anonymous_23)
DA:8,1
DA:17,1
DA:18,1
DA:19,1
DA:23,7
DA:26,4
DA:27,4
DA:28,4
DA:31,5
DA:34,1
DA:37,1
DA:40,1
DA:41,1
DA:53,1
DA:57,1
DA:58,6
DA:59,6
DA:60,6
DA:62,6
DA:63,6
DA:65,5
DA:75,1
DA:76,8
DA:83,1
DA:84,2
DA:91,1
DA:92,2
DA:98,1
DA:99,2
DA:107,1
DA:108,1
DA:109,1
DA:110,3
DA:113,1
DA:114,1
DA:115,1
DA:116,3
LF:37
LH:37
BRDA:63,0,0,1
BRDA:63,0,1,5
BRF:2
BRH:2
end_of_record
TN:
SF:src\store\configStore.js
FN:8,(anonymous_0)
FNF:1
FNH:1
FNDA:15,(anonymous_0)
DA:9,15
LF:1
LH:1
BRF:0
BRH:0
end_of_record
TN:
SF:src\store\entities.js
FNF:0
FNH:0
LF:0
LH:0
BRF:0
BRH:0
end_of_record
TN:
SF:src\store\projects.js
FN:9,(anonymous_0)
FNF:1
FNH:0
FNDA:0,(anonymous_0)
DA:3,1
DA:5,1
DA:10,0
DA:18,1
LF:4
LH:3
BRF:0
BRH:0
end_of_record
TN:
SF:src\store\reducer.js
FNF:0
FNH:0
LF:0
LH:0
BRF:0
BRH:0
end_of_record
TN:
SF:src\store\users.js
FN:9,(anonymous_0)
FNF:1
FNH:0
FNDA:0,(anonymous_0)
DA:3,1
DA:5,1
DA:10,0
DA:18,1
LF:4
LH:3
BRF:0
BRH:0
end_of_record
TN:
SF:src\store\middleware\api.js
FN:4,(anonymous_0)
FN:4,(anonymous_1)
FN:4,(anonymous_2)
FNF:3
FNH:3
FNDA:15,(anonymous_0)
FNDA:15,(anonymous_1)
FNDA:58,(anonymous_2)
DA:4,15
DA:5,58
DA:7,19
DA:9,19
DA:11,19
DA:13,19
DA:14,19
DA:21,14
DA:23,14
DA:26,5
DA:28,5
LF:11
LH:11
BRDA:5,0,0,39
BRDA:5,0,1,19
BRDA:9,1,0,5
BRDA:9,1,1,14
BRDA:23,2,0,14
BRDA:23,2,1,0
BRDA:28,3,0,1
BRDA:28,3,1,4
BRF:8
BRH:7
end_of_record
TN:
SF:src\store\middleware\logger.js
FN:1,(anonymous_0)
FN:1,(anonymous_1)
FN:1,(anonymous_2)
FN:1,(anonymous_3)
FNF:4
FNH:0
FNDA:0,(anonymous_0)
FNDA:0,(anonymous_1)
FNDA:0,(anonymous_2)
FNDA:0,(anonymous_3)
DA:1,1
DA:2,0
DA:3,0
LF:3
LH:1
BRF:0
BRH:0
end_of_record
TN:
SF:src\store\middleware\toast.js
FN:1,(anonymous_0)
FN:1,(anonymous_1)
FN:1,(anonymous_2)
FNF:3
FNH:3
FNDA:15,(anonymous_0)
FNDA:15,(anonymous_1)
FNDA:58,(anonymous_2)
DA:1,15
DA:2,58
DA:3,58
LF:3
LH:3
BRDA:2,0,0,0
BRDA:2,0,1,58
BRF:2
BRH:1
end_of_record
